2019-04-10T17:40:50.689+0300 I CONTROL  [main] Automatically disabling TLS 1.0, to force-enable TLS 1.0 specify --sslDisabledProtocols 'none'
2019-04-10T17:40:50.691+0300 I CONTROL  [initandlisten] MongoDB starting : pid=8332 port=27017 dbpath=data/db 64-bit host=EPUAKHAW0640
2019-04-10T17:40:50.691+0300 I CONTROL  [initandlisten] targetMinOS: Windows 7/Windows Server 2008 R2
2019-04-10T17:40:50.691+0300 I CONTROL  [initandlisten] db version v4.0.8
2019-04-10T17:40:50.691+0300 I CONTROL  [initandlisten] git version: 9b00696ed75f65e1ebc8d635593bed79b290cfbb
2019-04-10T17:40:50.691+0300 I CONTROL  [initandlisten] allocator: tcmalloc
2019-04-10T17:40:50.691+0300 I CONTROL  [initandlisten] modules: none
2019-04-10T17:40:50.691+0300 I CONTROL  [initandlisten] build environment:
2019-04-10T17:40:50.691+0300 I CONTROL  [initandlisten]     distmod: 2008plus-ssl
2019-04-10T17:40:50.691+0300 I CONTROL  [initandlisten]     distarch: x86_64
2019-04-10T17:40:50.692+0300 I CONTROL  [initandlisten]     target_arch: x86_64
2019-04-10T17:40:50.692+0300 I CONTROL  [initandlisten] options: { config: "mongod.conf", storage: { dbPath: "data/db" }, systemLog: { destination: "file", path: "data/logs/mongod.log" } }
2019-04-10T17:40:50.695+0300 I STORAGE  [initandlisten] Detected data files in data/db created by the 'wiredTiger' storage engine, so setting the active storage engine to 'wiredTiger'.
2019-04-10T17:40:50.695+0300 I STORAGE  [initandlisten] wiredtiger_open config: create,cache_size=7537M,session_max=20000,eviction=(threads_min=4,threads_max=4),config_base=false,statistics=(fast),log=(enabled=true,archive=true,path=journal,compressor=snappy),file_manager=(close_idle_time=100000),statistics_log=(wait=0),verbose=(recovery_progress),
2019-04-10T17:40:50.819+0300 I STORAGE  [initandlisten] WiredTiger message [1554907250:818621][8332:140736141875936], txn-recover: Main recovery loop: starting at 2/42752 to 3/256
2019-04-10T17:40:50.914+0300 I STORAGE  [initandlisten] WiredTiger message [1554907250:914250][8332:140736141875936], txn-recover: Recovering log 2 through 3
2019-04-10T17:40:50.968+0300 I STORAGE  [initandlisten] WiredTiger message [1554907250:967930][8332:140736141875936], txn-recover: Recovering log 3 through 3
2019-04-10T17:40:51.012+0300 I STORAGE  [initandlisten] WiredTiger message [1554907251:12826][8332:140736141875936], txn-recover: Set global recovery timestamp: 0
2019-04-10T17:40:51.046+0300 I RECOVERY [initandlisten] WiredTiger recoveryTimestamp. Ts: Timestamp(0, 0)
2019-04-10T17:40:51.070+0300 I CONTROL  [initandlisten] 
2019-04-10T17:40:51.070+0300 I CONTROL  [initandlisten] ** WARNING: Access control is not enabled for the database.
2019-04-10T17:40:51.070+0300 I CONTROL  [initandlisten] **          Read and write access to data and configuration is unrestricted.
2019-04-10T17:40:51.070+0300 I CONTROL  [initandlisten] 
2019-04-10T17:40:51.070+0300 I CONTROL  [initandlisten] ** WARNING: This server is bound to localhost.
2019-04-10T17:40:51.070+0300 I CONTROL  [initandlisten] **          Remote systems will be unable to connect to this server. 
2019-04-10T17:40:51.070+0300 I CONTROL  [initandlisten] **          Start the server with --bind_ip <address> to specify which IP 
2019-04-10T17:40:51.070+0300 I CONTROL  [initandlisten] **          addresses it should serve responses from, or with --bind_ip_all to
2019-04-10T17:40:51.070+0300 I CONTROL  [initandlisten] **          bind to all interfaces. If this behavior is desired, start the
2019-04-10T17:40:51.070+0300 I CONTROL  [initandlisten] **          server with --bind_ip 127.0.0.1 to disable this warning.
2019-04-10T17:40:51.070+0300 I CONTROL  [initandlisten] 
2019-04-10T17:40:51.397+0300 I FTDC     [initandlisten] Initializing full-time diagnostic data capture with directory 'data/db/diagnostic.data'
2019-04-10T17:40:51.402+0300 I NETWORK  [initandlisten] waiting for connections on port 27017
2019-04-10T17:41:06.525+0300 I NETWORK  [listener] connection accepted from 127.0.0.1:64464 #1 (1 connection now open)
2019-04-10T17:41:06.537+0300 I NETWORK  [conn1] received client metadata from 127.0.0.1:64464 conn1: { driver: { name: "nodejs", version: "3.2.2" }, os: { type: "Windows_NT", name: "win32", architecture: "x64", version: "10.0.17763" }, platform: "Node.js v10.15.3, LE, mongodb-core: 3.2.2" }
2019-04-10T17:41:54.154+0300 I NETWORK  [listener] connection accepted from 127.0.0.1:64525 #2 (2 connections now open)
2019-04-10T17:41:54.162+0300 I NETWORK  [conn2] received client metadata from 127.0.0.1:64525 conn2: { driver: { name: "nodejs", version: "3.2.2" }, os: { type: "Windows_NT", name: "win32", architecture: "x64", version: "10.0.17763" }, platform: "Node.js v10.15.3, LE, mongodb-core: 3.2.2" }
2019-04-10T17:59:52.227+0300 I CONTROL  [thread3] CTRL_CLOSE_EVENT signal
2019-04-10T17:59:52.228+0300 I NETWORK  [conn1] end connection 127.0.0.1:64464 (1 connection now open)
2019-04-10T17:59:52.228+0300 I NETWORK  [conn2] end connection 127.0.0.1:64525 (0 connections now open)
2019-04-10T17:59:52.229+0300 I CONTROL  [consoleTerminate] got CTRL_CLOSE_EVENT, will terminate after current cmd ends
2019-04-10T17:59:52.237+0300 I NETWORK  [consoleTerminate] shutdown: going to close listening sockets...
2019-04-10T17:59:52.241+0300 I CONTROL  [consoleTerminate] Shutting down free monitoring
2019-04-10T17:59:52.241+0300 I FTDC     [consoleTerminate] Shutting down full-time diagnostic data capture
2019-04-10T17:59:52.247+0300 I STORAGE  [consoleTerminate] WiredTigerKVEngine shutting down
2019-04-10T17:59:52.247+0300 I STORAGE  [consoleTerminate] Shutting down session sweeper thread
2019-04-10T17:59:52.247+0300 I STORAGE  [consoleTerminate] Finished shutting down session sweeper thread
2019-04-10T17:59:52.372+0300 I STORAGE  [consoleTerminate] shutdown: removing fs lock...
2019-04-10T17:59:52.372+0300 I CONTROL  [consoleTerminate] now exiting
2019-04-10T17:59:52.372+0300 I CONTROL  [consoleTerminate] shutting down with code:12
